<?xml version="1.0" encoding="UTF-8"?>
<!-- Generated by org.testng.reporters.JUnitReportReporter -->
<testsuite hostname="DESKTOP-U4NPF4U" failures="0" tests="6" name="testCases.LoginTest" time="4.552" errors="0" timestamp="2023-05-26T14:58:21 CEST" skipped="0">
  <testcase classname="testCases.LoginTest" name="loginWithEmptyEmailFieldTest" time="0.505"/>
  <system-out/>
  <testcase classname="testCases.LoginTest" name="loginTest" time="0.938"/>
  <system-out/>
  <testcase classname="testCases.LoginTest" name="loginWithWrongPasswordTest" time="0.781"/>
  <system-out/>
  <testcase classname="testCases.LoginTest" name="loginWithWrongEmailTest" time="0.775"/>
  <system-out/>
  <testcase classname="testCases.LoginTest" name="loginWithEmptyPassFieldTest" time="0.754"/>
  <system-out/>
  <testcase classname="testCases.LoginTest" name="verifyloginWithNonExistentUserTest" time="0.799"/>
  <system-out/>
</testsuite> <!-- testCases.LoginTest -->
