<?xml version="1.0" encoding="UTF-8"?>
<!-- Generated by org.testng.reporters.JUnitReportReporter -->
<testsuite hostname="DESKTOP-U4NPF4U" failures="0" tests="7" name="testCases.RegistrationTest" time="6.065" errors="0" timestamp="2023-05-26T14:59:17 CEST" skipped="0">
  <testcase classname="testCases.RegistrationTest" name="regTest" time="1.315"/>
  <system-out/>
  <testcase classname="testCases.RegistrationTest" name="verifyShortPass" time="0.810"/>
  <system-out/>
  <testcase classname="testCases.RegistrationTest" name="verifyFistNameIsMust" time="0.792"/>
  <system-out/>
  <testcase classname="testCases.RegistrationTest" name="verifyLastNameIsMust" time="0.776"/>
  <system-out/>
  <testcase classname="testCases.RegistrationTest" name="verifyRightEmailFormat" time="0.757"/>
  <system-out/>
  <testcase classname="testCases.RegistrationTest" name="verifySamePass" time="0.771"/>
  <system-out/>
  <testcase classname="testCases.RegistrationTest" name="verifyEmailisRequred" time="0.844"/>
  <system-out/>
</testsuite> <!-- testCases.RegistrationTest -->
