<?xml version="1.0" encoding="UTF-8"?>
<!-- Generated by org.testng.reporters.JUnitReportReporter -->
<testsuite hostname="DESKTOP-U4NPF4U" failures="0" tests="1" name="testCases.CheckoutPageTests" time="4.335" errors="0" timestamp="2023-05-26T17:08:12 CEST" skipped="0">
  <testcase classname="testCases.CheckoutPageTests" name="updateShoping" time="4.335"/>
  <system-out/>
</testsuite> <!-- testCases.CheckoutPageTests -->
