<?xml version="1.0" encoding="UTF-8"?>
<!-- Generated by org.testng.reporters.JUnitReportReporter -->
<testsuite hostname="DESKTOP-U4NPF4U" failures="0" tests="1" name="testCases.BuyPcTest" time="2.273" errors="0" timestamp="2023-05-26T17:18:08 CEST" skipped="0">
  <testcase classname="testCases.BuyPcTest" name="buyCustomPcAndVerifyProcessor" time="2.273"/>
  <system-out/>
</testsuite> <!-- testCases.BuyPcTest -->
